3
    7.850i cm^-1
O   0.000000000000  0.000000000000 -0.071176295400  -0.024277368828 -0.169655511014  0.161708696677
H   0.000000000000 -0.891619568000  0.564809761300  -0.024284147252 -0.169666792692  0.161709741285
H   0.000000000000  0.891619568000  0.564809761300  -0.024283529611 -0.169670038480  0.161727365267

3
    3.256i cm^-1
O   0.000000000000  0.000000000000 -0.071176295400  -0.217803392214 -0.043719499244 -0.078567863437
H   0.000000000000 -0.891619568000  0.564809761300  -0.217810272603 -0.043720467674 -0.078568742069
H   0.000000000000  0.891619568000  0.564809761300  -0.217809899688 -0.043720430104 -0.078568185936

3
    8.481  cm^-1
O   0.000000000000  0.000000000000 -0.071176295400  -0.086575165850  0.157570884963  0.152316631243
H   0.000000000000 -0.891619568000  0.564809761300  -0.086555954780  0.157554397093  0.152295905333
H   0.000000000000  0.891619568000  0.564809761300  -0.086557065603  0.157558873327  0.152315789714

3
 1139.937  cm^-1
O   0.000000000000  0.000000000000 -0.071176295400  -0.083647494204 -0.000014965445 -0.000003729265
H   0.000000000000 -0.891619568000  0.564809761300   0.663762035463  0.000068467005  0.000103135784
H   0.000000000000  0.891619568000  0.564809761300   0.663784391164  0.000065520815 -0.000099429365

3
 1191.008  cm^-1
O   0.000000000000  0.000000000000 -0.071176295400  -0.000012447947  0.047853903595 -0.000009336153
H   0.000000000000 -0.891619568000  0.564809761300  -0.000150866835 -0.379708319299 -0.577690908072
H   0.000000000000  0.891619568000  0.564809761300   0.000396036931 -0.379769305473  0.577721145582

3
 1214.302  cm^-1
O   0.000000000000  0.000000000000 -0.071176295400  -0.000001332321  0.000018550023 -0.000000659932
H   0.000000000000 -0.891619568000  0.564809761300   0.704366873756 -0.000136295580 -0.000218622425
H   0.000000000000  0.891619568000  0.564809761300  -0.704345711164 -0.000161864661  0.000227798258

3
 1853.415  cm^-1
O   0.000000000000  0.000000000000 -0.071176295400   0.000000414196 -0.000001916396  0.067222511453
H   0.000000000000 -0.891619568000  0.564809761300   0.000017405970 -0.419194018128 -0.533467345777
H   0.000000000000  0.891619568000  0.564809761300  -0.000005730694  0.419150684899 -0.533403889505

3
 2335.613  cm^-1
O   0.000000000000  0.000000000000 -0.071176295400   0.000000245115 -0.000013672033  0.049779885497
H   0.000000000000 -0.891619568000  0.564809761300  -0.000005018761  0.566140901513 -0.395076375206
H   0.000000000000  0.891619568000  0.564809761300   0.000009634449 -0.565958727548 -0.394964974646

3
 2474.994  cm^-1
O   0.000000000000  0.000000000000 -0.071176295400  -0.000000360502 -0.068606875863 -0.000006029855
H   0.000000000000 -0.891619568000  0.564809761300  -0.000004226075  0.544331203913 -0.402888319818
H   0.000000000000  0.891619568000  0.564809761300  -0.000007968908  0.544509130593  0.403023695285

